<?xml version="1.0" encoding="UTF-8"?>
<!-- Generated by org.testng.reporters.JUnitXMLReporter -->
<testsuite hostname="DESKTOP-762U0O7" ignored="1" name="Default test(failed)" tests="3" failures="0" timestamp="2022-01-05T11:37:28 IST" time="21.371" errors="0">
  <testcase name="@BeforeTest config" time="20.957" classname="login_testClass.Login_negatiive">
    <failure type="org.openqa.selenium.WebDriverException" message="Timed out waiting for driver server to start.
Build info: version: &amp;apos;3.141.59&amp;apos;, revision: &amp;apos;e82be7d358&amp;apos;, time: &amp;apos;2018-11-14T08:17:03&amp;apos;
System info: host: &amp;apos;DESKTOP-762U0O7&amp;apos;, ip: &amp;apos;192.168.43.123&amp;apos;, os.name: &amp;apos;Windows 10&amp;apos;, os.arch: &amp;apos;amd64&amp;apos;, os.version: &amp;apos;10.0&amp;apos;, java.version: &amp;apos;1.8.0_202&amp;apos;
Driver info: driver.version: ChromeDriver">
      <![CDATA[org.openqa.selenium.WebDriverException: Timed out waiting for driver server to start.
Build info: version: '3.141.59', revision: 'e82be7d358', time: '2018-11-14T08:17:03'
System info: host: 'DESKTOP-762U0O7', ip: '192.168.43.123', os.name: 'Windows 10', os.arch: 'amd64', os.version: '10.0', java.version: '1.8.0_202'
Driver info: driver.version: ChromeDriver
at org.openqa.selenium.remote.service.DriverService.waitUntilAvailable(DriverService.java:202)
at org.openqa.selenium.remote.service.DriverService.start(DriverService.java:188)
at org.openqa.selenium.remote.service.DriverCommandExecutor.execute(DriverCommandExecutor.java:79)
at org.openqa.selenium.remote.RemoteWebDriver.execute(RemoteWebDriver.java:552)
at org.openqa.selenium.remote.RemoteWebDriver.startSession(RemoteWebDriver.java:213)
at org.openqa.selenium.remote.RemoteWebDriver.<init>(RemoteWebDriver.java:131)
at org.openqa.selenium.chrome.ChromeDriver.<init>(ChromeDriver.java:181)
at org.openqa.selenium.chrome.ChromeDriver.<init>(ChromeDriver.java:168)
at org.openqa.selenium.chrome.ChromeDriver.<init>(ChromeDriver.java:123)
at com.util.Driver_global.mydriver(Driver_global.java:12)
at login_testClass.Login_negatiive.config(Login_negatiive.java:85)
Caused by: org.openqa.selenium.net.UrlChecker$TimeoutException: Timed out waiting for [http://localhost:13784/status] to be available after 20002 ms
at org.openqa.selenium.net.UrlChecker.waitUntilAvailable(UrlChecker.java:100)
at org.openqa.selenium.remote.service.DriverService.waitUntilAvailable(DriverService.java:197)
... 34 more
Caused by: java.util.concurrent.TimeoutException
at java.util.concurrent.FutureTask.get(Unknown Source)
at com.google.common.util.concurrent.SimpleTimeLimiter.callWithTimeout(SimpleTimeLimiter.java:156)
at org.openqa.selenium.net.UrlChecker.waitUntilAvailable(UrlChecker.java:75)
... 35 more
... Removed 24 stack frames]]>
    </failure>
  </testcase> <!-- @BeforeTest config -->
  <testcase name="@AfterMethod logout" time="-1.641362848797E9" classname="login_testClass.Login_negatiive">
    <skipped/>
  </testcase> <!-- @AfterMethod logout -->
  <testcase name="@AfterMethod logout" time="-1.641362848823E9" classname="login_testClass.Login_negatiive">
    <skipped/>
  </testcase> <!-- @AfterMethod logout -->
  <testcase name="@AfterMethod logout" time="-1.641362848872E9" classname="login_testClass.Login_negatiive">
    <skipped/>
  </testcase> <!-- @AfterMethod logout -->
  <testcase name="onlyloginclick" time="0.001" classname="login_testClass.Login_negatiive">
    <skipped/>
  </testcase> <!-- onlyloginclick -->
  <testcase name="enteronlyuserid" time="0.0" classname="login_testClass.Login_negatiive">
    <skipped/>
  </testcase> <!-- enteronlyuserid -->
  <testcase name="invalid_credentials" time="0.0" classname="login_testClass.Login_negatiive">
    <skipped/>
  </testcase> <!-- invalid_credentials -->
  <testcase name="enteronlypassword" time="0.0" classname="login_testClass.Login_negatiive">
    <ignored/>
  </testcase> <!-- enteronlypassword -->
</testsuite> <!-- Default test(failed) -->
